d:\2.study\qtdemo\qgraphicsview_displayimagedemo\debug\mainwindow.obj
d:\2.study\qtdemo\qgraphicsview_displayimagedemo\debug\main.obj
d:\2.study\qtdemo\qgraphicsview_displayimagedemo\debug\viewwidget.obj
d:\2.study\qtdemo\qgraphicsview_displayimagedemo\debug\vc140.pdb
d:\2.study\qtdemo\qgraphicsview_displayimagedemo\debug\moc_mainwindow.obj
d:\2.study\qtdemo\qgraphicsview_displayimagedemo\debug\moc_predefs.h
d:\2.study\qtdemo\qgraphicsview_displayimagedemo\debug\qgraphicsview_displayimagedemo.ilk
d:\2.study\qtdemo\qgraphicsview_displayimagedemo\debug\qgraphicsview_displayimagedemo.exe
d:\2.study\qtdemo\qgraphicsview_displayimagedemo\debug\qgraphicsview_displayimagedemo.pdb
d:\2.study\qtdemo\qgraphicsview_displayimagedemo\debug\moc_mainwindow.cpp
d:\2.study\qtdemo\qgraphicsview_displayimagedemo\ui_mainwindow.h
d:\2.study\qtdemo\qgraphicsview_displayimagedemo\debug\qgraphic.feb36b7a.tlog\cl.command.1.tlog
d:\2.study\qtdemo\qgraphicsview_displayimagedemo\debug\qgraphic.feb36b7a.tlog\cl.read.1.tlog
d:\2.study\qtdemo\qgraphicsview_displayimagedemo\debug\qgraphic.feb36b7a.tlog\cl.write.1.tlog
d:\2.study\qtdemo\qgraphicsview_displayimagedemo\debug\qgraphic.feb36b7a.tlog\custombuild.command.1.tlog
d:\2.study\qtdemo\qgraphicsview_displayimagedemo\debug\qgraphic.feb36b7a.tlog\custombuild.read.1.tlog
d:\2.study\qtdemo\qgraphicsview_displayimagedemo\debug\qgraphic.feb36b7a.tlog\custombuild.write.1.tlog
d:\2.study\qtdemo\qgraphicsview_displayimagedemo\debug\qgraphic.feb36b7a.tlog\link.command.1.tlog
d:\2.study\qtdemo\qgraphicsview_displayimagedemo\debug\qgraphic.feb36b7a.tlog\link.read.1.tlog
d:\2.study\qtdemo\qgraphicsview_displayimagedemo\debug\qgraphic.feb36b7a.tlog\link.write.1.tlog
d:\2.study\qtdemo\qgraphicsview_displayimagedemo\debug\qgraphic.feb36b7a.tlog\moc.read.1u.tlog
d:\2.study\qtdemo\qgraphicsview_displayimagedemo\debug\qgraphic.feb36b7a.tlog\moc.write.1u.tlog
d:\2.study\qtdemo\qgraphicsview_displayimagedemo\debug\qgraphic.feb36b7a.tlog\qgraphicsview_displayimagedemo.write.1u.tlog
d:\2.study\qtdemo\qgraphicsview_displayimagedemo\debug\qgraphic.feb36b7a.tlog\uic.read.1u.tlog
d:\2.study\qtdemo\qgraphicsview_displayimagedemo\debug\qgraphic.feb36b7a.tlog\uic.write.1u.tlog
